[2023-08-15 22:31:44,132] : root: INFO: Read the datasets from the notebook folder
[2023-08-15 22:31:44,412] : root: INFO: Starting data transformation
[2023-08-15 22:31:44,757] : root: DEBUG: ratings_pivot_table: userId   1    2    3    4    5    6    7    8    9    10   11   12   13   14   15   16   17   18   19   ...  592  593  594  595  596  597  598  599  600  601  602  603  604  605  606  607  608  609  610
movieId                                                                                                 ...                                                                                               
1        4.0  NaN  NaN  NaN  4.0  NaN  4.5  NaN  NaN  NaN  NaN  NaN  NaN  NaN  2.5  NaN  4.5  3.5  4.0  ...  NaN  NaN  NaN  NaN  4.0  4.0  NaN  3.0  2.5  4.0  NaN  4.0  3.0  4.0  2.5  4.0  2.5  3.0  5.0
2        NaN  NaN  NaN  NaN  NaN  4.0  NaN  4.0  NaN  NaN  NaN  NaN  NaN  NaN  NaN  NaN  NaN  3.0  3.0  ...  4.0  NaN  4.0  NaN  NaN  NaN  NaN  2.5  4.0  NaN  4.0  NaN  5.0  3.5  NaN  NaN  2.0  NaN  NaN
3        4.0  NaN  NaN  NaN  NaN  5.0  NaN  NaN  NaN  NaN  NaN  NaN  NaN  NaN  NaN  NaN  NaN  NaN  3.0  ...  NaN  NaN  4.0  NaN  NaN  NaN  NaN  1.5  NaN  NaN  NaN  NaN  NaN  NaN  NaN  NaN  2.0  NaN  NaN
4        NaN  NaN  NaN  NaN  NaN  3.0  NaN  NaN  NaN  NaN  NaN  NaN  NaN  3.0  NaN  NaN  NaN  NaN  NaN  ...  NaN  NaN  NaN  NaN  NaN  NaN  NaN  NaN  1.5  NaN  NaN  NaN  NaN  NaN  NaN  NaN  NaN  NaN  NaN
5        NaN  NaN  NaN  NaN  NaN  5.0  NaN  NaN  NaN  NaN  NaN  NaN  NaN  NaN  NaN  NaN  NaN  NaN  NaN  ...  NaN  NaN  NaN  NaN  NaN  NaN  NaN  NaN  2.5  NaN  NaN  NaN  3.0  NaN  NaN  NaN  NaN  NaN  NaN
...      ...  ...  ...  ...  ...  ...  ...  ...  ...  ...  ...  ...  ...  ...  ...  ...  ...  ...  ...  ...  ...  ...  ...  ...  ...  ...  ...  ...  ...  ...  ...  ...  ...  ...  ...  ...  ...  ...  ...
193581   NaN  NaN  NaN  NaN  NaN  NaN  NaN  NaN  NaN  NaN  NaN  NaN  NaN  NaN  NaN  NaN  NaN  NaN  NaN  ...  NaN  NaN  NaN  NaN  NaN  NaN  NaN  NaN  NaN  NaN  NaN  NaN  NaN  NaN  NaN  NaN  NaN  NaN  NaN
193583   NaN  NaN  NaN  NaN  NaN  NaN  NaN  NaN  NaN  NaN  NaN  NaN  NaN  NaN  NaN  NaN  NaN  NaN  NaN  ...  NaN  NaN  NaN  NaN  NaN  NaN  NaN  NaN  NaN  NaN  NaN  NaN  NaN  NaN  NaN  NaN  NaN  NaN  NaN
193585   NaN  NaN  NaN  NaN  NaN  NaN  NaN  NaN  NaN  NaN  NaN  NaN  NaN  NaN  NaN  NaN  NaN  NaN  NaN  ...  NaN  NaN  NaN  NaN  NaN  NaN  NaN  NaN  NaN  NaN  NaN  NaN  NaN  NaN  NaN  NaN  NaN  NaN  NaN
193587   NaN  NaN  NaN  NaN  NaN  NaN  NaN  NaN  NaN  NaN  NaN  NaN  NaN  NaN  NaN  NaN  NaN  NaN  NaN  ...  NaN  NaN  NaN  NaN  NaN  NaN  NaN  NaN  NaN  NaN  NaN  NaN  NaN  NaN  NaN  NaN  NaN  NaN  NaN
193609   NaN  NaN  NaN  NaN  NaN  NaN  NaN  NaN  NaN  NaN  NaN  NaN  NaN  NaN  NaN  NaN  NaN  NaN  NaN  ...  NaN  NaN  NaN  NaN  NaN  NaN  NaN  NaN  NaN  NaN  NaN  NaN  NaN  NaN  NaN  NaN  NaN  NaN  NaN

[9724 rows x 610 columns]
[2023-08-15 22:31:44,817] : root: INFO: csr_data created and returning
[2023-08-15 22:31:45,170] : root: INFO: final_dataset created
[2023-08-15 22:31:45,171] : root: INFO: Saving sparse data
[2023-08-15 22:31:45,268] : root: DEBUG: csr data loaded
[2023-08-15 22:31:45,289] : root: DEBUG: movies df loaded
