[2023-08-15 11:50:56,686] : root: INFO: Read the datasets from the notebook folder
[2023-08-15 11:50:56,938] : root: INFO: Starting data transformation
[2023-08-15 11:50:57,201] : root: DEBUG: ratings_pivot_table: userId   1    2    3    4    5    6    7    8    9    10   11   12   13   14   15   ...  596  597  598  599  600  601  602  603  604  605  606  607  608  609  610
movieId                                                                             ...                                                                           
1        4.0  NaN  NaN  NaN  4.0  NaN  4.5  NaN  NaN  NaN  NaN  NaN  NaN  NaN  2.5  ...  4.0  4.0  NaN  3.0  2.5  4.0  NaN  4.0  3.0  4.0  2.5  4.0  2.5  3.0  5.0
2        NaN  NaN  NaN  NaN  NaN  4.0  NaN  4.0  NaN  NaN  NaN  NaN  NaN  NaN  NaN  ...  NaN  NaN  NaN  2.5  4.0  NaN  4.0  NaN  5.0  3.5  NaN  NaN  2.0  NaN  NaN
3        4.0  NaN  NaN  NaN  NaN  5.0  NaN  NaN  NaN  NaN  NaN  NaN  NaN  NaN  NaN  ...  NaN  NaN  NaN  1.5  NaN  NaN  NaN  NaN  NaN  NaN  NaN  NaN  2.0  NaN  NaN
4        NaN  NaN  NaN  NaN  NaN  3.0  NaN  NaN  NaN  NaN  NaN  NaN  NaN  3.0  NaN  ...  NaN  NaN  NaN  NaN  1.5  NaN  NaN  NaN  NaN  NaN  NaN  NaN  NaN  NaN  NaN
5        NaN  NaN  NaN  NaN  NaN  5.0  NaN  NaN  NaN  NaN  NaN  NaN  NaN  NaN  NaN  ...  NaN  NaN  NaN  NaN  2.5  NaN  NaN  NaN  3.0  NaN  NaN  NaN  NaN  NaN  NaN
...      ...  ...  ...  ...  ...  ...  ...  ...  ...  ...  ...  ...  ...  ...  ...  ...  ...  ...  ...  ...  ...  ...  ...  ...  ...  ...  ...  ...  ...  ...  ...
193581   NaN  NaN  NaN  NaN  NaN  NaN  NaN  NaN  NaN  NaN  NaN  NaN  NaN  NaN  NaN  ...  NaN  NaN  NaN  NaN  NaN  NaN  NaN  NaN  NaN  NaN  NaN  NaN  NaN  NaN  NaN
193583   NaN  NaN  NaN  NaN  NaN  NaN  NaN  NaN  NaN  NaN  NaN  NaN  NaN  NaN  NaN  ...  NaN  NaN  NaN  NaN  NaN  NaN  NaN  NaN  NaN  NaN  NaN  NaN  NaN  NaN  NaN
193585   NaN  NaN  NaN  NaN  NaN  NaN  NaN  NaN  NaN  NaN  NaN  NaN  NaN  NaN  NaN  ...  NaN  NaN  NaN  NaN  NaN  NaN  NaN  NaN  NaN  NaN  NaN  NaN  NaN  NaN  NaN
193587   NaN  NaN  NaN  NaN  NaN  NaN  NaN  NaN  NaN  NaN  NaN  NaN  NaN  NaN  NaN  ...  NaN  NaN  NaN  NaN  NaN  NaN  NaN  NaN  NaN  NaN  NaN  NaN  NaN  NaN  NaN
193609   NaN  NaN  NaN  NaN  NaN  NaN  NaN  NaN  NaN  NaN  NaN  NaN  NaN  NaN  NaN  ...  NaN  NaN  NaN  NaN  NaN  NaN  NaN  NaN  NaN  NaN  NaN  NaN  NaN  NaN  NaN

[9724 rows x 610 columns]
[2023-08-15 11:50:57,257] : root: INFO: csr_data created and returning
[2023-08-15 11:50:57,257] : root: INFO: Saving sparse data
[2023-08-15 11:50:57,322] : root: DEBUG: csr data loaded
[2023-08-15 11:50:57,335] : root: DEBUG: movies df loaded
[2023-08-15 11:50:57,344] : root: ERROR: Could not initiate model training
[2023-08-15 11:50:57,344] : root: ERROR: Error occured in file [e:\personal\projects\recommendationsystem\src\Components\model_development.py] at line_no: [33] with message [name 'movies_path' is not defined]
